<?xml version="1.0" encoding="UTF-8"?>
<!-- Generated by org.testng.reporters.JUnitXMLReporter -->
<testsuite ignored="0" hostname="DESKTOP-J81GBTP" failures="1" tests="1" name="Default test" time="6.704" errors="0" timestamp="2025-03-07T17:43:43 IST">
  <testcase classname="io.cucumber.testng.AbstractTestNGCucumberTests" name="runScenario" time="5.924">
    <failure type="java.lang.AssertionError" message="Can Submit Booking Request with invalid phone--&amp;gt;Response Code is NOT 400, Please check!
Expected: &amp;lt;400&amp;gt;
     but: was &amp;lt;201&amp;gt;">
      <![CDATA[java.lang.AssertionError: Can Submit Booking Request with invalid phone-->Response Code is NOT 400, Please check!
Expected: <400>
     but: was <201>
at org.hamcrest.MatcherAssert.assertThat(MatcherAssert.java:20)
at steps.BookingSteps.validateErrorMessage(BookingSteps.java:94)
at ✽.I should receive a 400 error code and the message "must be greater than or equal to 1" for invalid "phone"(file:///C:/KATA_API_FRAMEWORK/RESTAPI__AUTOMATION_FRAMEWORK/src/test/resources/feature/Bookings.feature:134)
]]>
    </failure>
  </testcase> <!-- runScenario -->
</testsuite> <!-- Default test -->
