<?xml version="1.0" encoding="UTF-8"?>
<!-- Generated by org.testng.reporters.JUnitXMLReporter -->
<testsuite ignored="0" hostname="DESKTOP-J81GBTP" failures="2" tests="2" name="Default test" time="7.217" errors="0" timestamp="2025-03-07T16:28:40 IST">
  <testcase classname="io.cucumber.testng.AbstractTestNGCucumberTests" name="runScenario" time="6.194">
    <failure type="java.lang.AssertionError" message="Unable to get the booking details--&amp;gt;Response Code is NOT 200, Please check!
Expected: &amp;lt;200&amp;gt;
     but: was &amp;lt;404&amp;gt;">
      <![CDATA[java.lang.AssertionError: Unable to get the booking details-->Response Code is NOT 200, Please check!
Expected: <200>
     but: was <404>
at org.hamcrest.MatcherAssert.assertThat(MatcherAssert.java:20)
at steps.BookingSteps.bookingDetailsSuccessfullyRetrieved(BookingSteps.java:65)
at ✽.I should receive a successful confirmation for the booking details(file:///C:/KATA_API_FRAMEWORK/RESTAPI__AUTOMATION_FRAMEWORK/src/test/resources/feature/Bookings.feature:25)
]]>
    </failure>
  </testcase> <!-- runScenario -->
  <testcase classname="io.cucumber.testng.AbstractTestNGCucumberTests" name="runScenario" time="6.265">
    <failure type="java.lang.AssertionError" message="Booking Failure--&amp;gt;Response Code is NOT 200, Please check!
Expected: &amp;lt;201&amp;gt;
     but: was &amp;lt;409&amp;gt;">
      <![CDATA[java.lang.AssertionError: Booking Failure-->Response Code is NOT 200, Please check!
Expected: <201>
     but: was <409>
at org.hamcrest.MatcherAssert.assertThat(MatcherAssert.java:20)
at steps.BookingSteps.verifyBookingConfirmation(BookingSteps.java:39)
at ✽.Booking is confirmed with a success message(file:///C:/KATA_API_FRAMEWORK/RESTAPI__AUTOMATION_FRAMEWORK/src/test/resources/feature/Bookings.feature:18)
]]>
    </failure>
  </testcase> <!-- runScenario -->
</testsuite> <!-- Default test -->
