<?xml version="1.0" encoding="UTF-8"?>
<!-- Generated by org.testng.reporters.JUnitReportReporter -->
<testsuite hostname="DESKTOP-J81GBTP" failures="1" tests="1" name="runner.RunTest" time="5.924" errors="0" timestamp="2025-03-07T17:43:43 IST" skipped="0">
  <testcase classname="runner.RunTest" name="runScenario" time="5.924">
    <failure message="Can Submit Booking Request with invalid phone--&gt;Response Code is NOT 400, Please check!
Expected: &lt;400&gt;
     but: was &lt;201&gt;" type="java.lang.AssertionError">
      <![CDATA[java.lang.AssertionError: Can Submit Booking Request with invalid phone-->Response Code is NOT 400, Please check!
Expected: <400>
     but: was <201>
at org.hamcrest.MatcherAssert.assertThat(MatcherAssert.java:20)
at steps.BookingSteps.validateErrorMessage(BookingSteps.java:94)
at ✽.I should receive a 400 error code and the message "must be greater than or equal to 1" for invalid "phone"(file:///C:/KATA_API_FRAMEWORK/RESTAPI__AUTOMATION_FRAMEWORK/src/test/resources/feature/Bookings.feature:134)
]]>
    </failure>
  </testcase> <!-- runScenario -->
  <system-out/>
</testsuite> <!-- runner.RunTest -->
